2025-06-23 23:45:24,809 - INFO - config.py:46 - ENV DEV
2025-06-23 23:45:24,809 - INFO - config.py:47 - log_path src/logs/app_20250623.log
2025-06-23 23:45:24,809 - INFO - config.py:48 - SQLALCHEMY_DATABASE_URI: postgresql+psycopg2://postgres:postgres@localhost:5433/analyze_my_resume
2025-06-23 23:45:24,809 - INFO - config.py:49 - JWT_TOKEN_SECRET: kL07bYtqRAYusW7Fob91Zo4303K
2025-06-23 23:45:24,809 - INFO - config.py:50 - JWT_ACCESS_TOKEN_EXPIRES: 6:00:00
2025-06-23 23:45:24,809 - INFO - config.py:51 - JWT_ACCESS_TOKEN_EXPIRES: dS434DOdf092+dsf892
2025-06-23 23:45:24,809 - INFO - config.py:53 - FLASK_THREADED True AND <class 'bool'>
2025-06-23 23:45:24,809 - INFO - config.py:54 - HOST localhost
2025-06-23 23:45:24,809 - INFO - config.py:55 - PORT 5000
2025-06-23 23:45:24,810 - INFO - config.py:56 - ALLOWED_EXTENSIONS_FILE {'csv', 'pdf', 'xlsx'}
2025-06-23 23:45:33,461 - INFO - config.py:46 - ENV DEV
2025-06-23 23:45:33,461 - INFO - config.py:47 - log_path src/logs/app_20250623.log
2025-06-23 23:45:33,461 - INFO - config.py:48 - SQLALCHEMY_DATABASE_URI: postgresql+psycopg2://postgres:postgres@localhost:5433/analyze_my_resume
2025-06-23 23:45:33,461 - INFO - config.py:49 - JWT_TOKEN_SECRET: kL07bYtqRAYusW7Fob91Zo4303K
2025-06-23 23:45:33,461 - INFO - config.py:50 - JWT_ACCESS_TOKEN_EXPIRES: 6:00:00
2025-06-23 23:45:33,461 - INFO - config.py:51 - JWT_ACCESS_TOKEN_EXPIRES: dS434DOdf092+dsf892
2025-06-23 23:45:33,461 - INFO - config.py:53 - FLASK_THREADED True AND <class 'bool'>
2025-06-23 23:45:33,461 - INFO - config.py:54 - HOST localhost
2025-06-23 23:45:33,461 - INFO - config.py:55 - PORT 5000
2025-06-23 23:45:33,461 - INFO - config.py:56 - ALLOWED_EXTENSIONS_FILE {'pdf', 'csv', 'xlsx'}
2025-06-23 23:45:34,397 - INFO - config.py:46 - ENV DEV
2025-06-23 23:45:34,397 - INFO - config.py:47 - log_path src/logs/app_20250623.log
2025-06-23 23:45:34,398 - INFO - config.py:48 - SQLALCHEMY_DATABASE_URI: postgresql+psycopg2://postgres:postgres@localhost:5433/analyze_my_resume
2025-06-23 23:45:34,398 - INFO - config.py:49 - JWT_TOKEN_SECRET: kL07bYtqRAYusW7Fob91Zo4303K
2025-06-23 23:45:34,398 - INFO - config.py:50 - JWT_ACCESS_TOKEN_EXPIRES: 6:00:00
2025-06-23 23:45:34,398 - INFO - config.py:51 - JWT_ACCESS_TOKEN_EXPIRES: dS434DOdf092+dsf892
2025-06-23 23:45:34,398 - INFO - config.py:53 - FLASK_THREADED True AND <class 'bool'>
2025-06-23 23:45:34,398 - INFO - config.py:54 - HOST localhost
2025-06-23 23:45:34,398 - INFO - config.py:55 - PORT 5000
2025-06-23 23:45:34,398 - INFO - config.py:56 - ALLOWED_EXTENSIONS_FILE {'csv', 'xlsx', 'pdf'}
